c:\proj\crackspriter\debug\vc143.pdb
c:\proj\crackspriter\debug\vc143.idb
c:\proj\crackspriter\debug\viewport.obj
c:\proj\crackspriter\debug\main.obj
c:\proj\crackspriter\debug\shader.obj
c:\proj\crackspriter\debug\gui.obj
c:\proj\crackspriter\debug\filestreamparser.obj
c:\proj\crackspriter\debug\editor.obj
c:\proj\crackspriter\debug\crackspriter.pdb
c:\proj\crackspriter\debug\crackspriter.tlog\cl.command.1.tlog
c:\proj\crackspriter\debug\crackspriter.tlog\cl.read.1.tlog
c:\proj\crackspriter\debug\crackspriter.tlog\cl.write.1.tlog
c:\proj\crackspriter\debug\crackspriter.tlog\link-cvtres.read.1.tlog
c:\proj\crackspriter\debug\crackspriter.tlog\link-cvtres.write.1.tlog
c:\proj\crackspriter\debug\crackspriter.tlog\link-rc.read.1.tlog
c:\proj\crackspriter\debug\crackspriter.tlog\link-rc.write.1.tlog
c:\proj\crackspriter\debug\crackspriter.tlog\link.552-cvtres.read.1.tlog
c:\proj\crackspriter\debug\crackspriter.tlog\link.552-cvtres.write.1.tlog
c:\proj\crackspriter\debug\crackspriter.tlog\link.552-rc.read.1.tlog
c:\proj\crackspriter\debug\crackspriter.tlog\link.552-rc.write.1.tlog
c:\proj\crackspriter\debug\crackspriter.tlog\link.552.read.1.tlog
c:\proj\crackspriter\debug\crackspriter.tlog\link.552.write.1.tlog
c:\proj\crackspriter\debug\crackspriter.tlog\link.command.1.tlog
c:\proj\crackspriter\debug\crackspriter.tlog\link.read.1.tlog
c:\proj\crackspriter\debug\crackspriter.tlog\link.write.1.tlog
