c:\proj\pixeleditor\debug\vc143.pdb
c:\proj\pixeleditor\debug\vc143.idb
c:\proj\pixeleditor\debug\viewport.obj
c:\proj\pixeleditor\debug\shader.obj
c:\proj\pixeleditor\debug\main.obj
c:\proj\pixeleditor\debug\filestreamparser.obj
c:\proj\pixeleditor\debug\imgui_widgets.obj
c:\proj\pixeleditor\debug\imgui_tables.obj
c:\proj\pixeleditor\debug\imgui_impl_glfw_gl3.obj
c:\proj\pixeleditor\debug\imgui_draw.obj
c:\proj\pixeleditor\debug\imgui_demo.obj
c:\proj\pixeleditor\debug\imgui.obj
c:\proj\pixeleditor\debug\pixeleditor.pdb
c:\proj\pixeleditor\debug\pixeleditor.tlog\cl.command.1.tlog
c:\proj\pixeleditor\debug\pixeleditor.tlog\cl.read.1.tlog
c:\proj\pixeleditor\debug\pixeleditor.tlog\cl.write.1.tlog
c:\proj\pixeleditor\debug\pixeleditor.tlog\link-cvtres.read.1.tlog
c:\proj\pixeleditor\debug\pixeleditor.tlog\link-cvtres.write.1.tlog
c:\proj\pixeleditor\debug\pixeleditor.tlog\link-rc.read.1.tlog
c:\proj\pixeleditor\debug\pixeleditor.tlog\link-rc.write.1.tlog
c:\proj\pixeleditor\debug\pixeleditor.tlog\link.7128-cvtres.read.1.tlog
c:\proj\pixeleditor\debug\pixeleditor.tlog\link.7128-cvtres.write.1.tlog
c:\proj\pixeleditor\debug\pixeleditor.tlog\link.7128-rc.read.1.tlog
c:\proj\pixeleditor\debug\pixeleditor.tlog\link.7128-rc.write.1.tlog
c:\proj\pixeleditor\debug\pixeleditor.tlog\link.7128.read.1.tlog
c:\proj\pixeleditor\debug\pixeleditor.tlog\link.7128.write.1.tlog
c:\proj\pixeleditor\debug\pixeleditor.tlog\link.command.1.tlog
c:\proj\pixeleditor\debug\pixeleditor.tlog\link.read.1.tlog
c:\proj\pixeleditor\debug\pixeleditor.tlog\link.write.1.tlog
